<?xml version="1.0" encoding="UTF-8"?>
<!-- Generated by org.testng.reporters.JUnitReportReporter -->
<testsuite hostname="gowri" failures="0" tests="1" name="Test.HelloWorld" time="0.022" errors="0" timestamp="2022-10-27T23:42:32 IST" skipped="0">
  <testcase classname="Test.HelloWorld" name="GetFirstFunction" time="0.022"/>
  <system-out/>
</testsuite> <!-- Test.HelloWorld -->
