<?xml version="1.0" encoding="UTF-8"?>
<!-- Generated by org.testng.reporters.JUnitReportReporter -->
<testsuite hostname="gowri" failures="0" tests="2" name="Test.IncludeAndExcludeMechanismInMethods" time="0.007" errors="0" timestamp="2022-11-07T23:51:22 IST" skipped="0">
  <testcase classname="Test.IncludeAndExcludeMechanismInMethods" name="getExcludeMethod" time="0.005"/>
  <system-out/>
  <testcase classname="Test.IncludeAndExcludeMechanismInMethods" name="getIncludeMethod" time="0.002"/>
  <system-out/>
</testsuite> <!-- Test.IncludeAndExcludeMechanismInMethods -->
