<?xml version="1.0" encoding="UTF-8"?>
<!-- Generated by org.testng.reporters.JUnitReportReporter -->
<testsuite hostname="gowri" failures="0" tests="2" name="Test.HelloWorld" time="0.011" errors="0" timestamp="2022-11-03T23:25:26 IST" skipped="0">
  <testcase classname="Test.HelloWorld" name="GetFirstFunction" time="0.007"/>
  <system-out/>
  <testcase classname="Test.HelloWorld" name="GetFirstFunction" time="0.004"/>
  <system-out/>
</testsuite> <!-- Test.HelloWorld -->
