<?xml version="1.0" encoding="UTF-8"?>
<!-- Generated by org.testng.reporters.JUnitReportReporter -->
<testsuite hostname="gowri" failures="0" tests="6" name="Test.DataProviderExample" time="0.024" errors="0" timestamp="2022-11-07T23:50:50 IST" skipped="0">
  <testcase classname="Test.DataProviderExample" name="printData" time="0.003"/>
  <system-out/>
  <testcase classname="Test.DataProviderExample" name="printData" time="0.002"/>
  <system-out/>
  <testcase classname="Test.DataProviderExample" name="printData" time="0.002"/>
  <system-out/>
  <testcase classname="Test.DataProviderExample" name="printData" time="0.012"/>
  <system-out/>
  <testcase classname="Test.DataProviderExample" name="printData" time="0.002"/>
  <system-out/>
  <testcase classname="Test.DataProviderExample" name="printData" time="0.003"/>
  <system-out/>
</testsuite> <!-- Test.DataProviderExample -->
