<?xml version="1.0" encoding="UTF-8"?>
<!-- Generated by org.testng.reporters.JUnitReportReporter -->
<testsuite hostname="gowri" failures="0" tests="2" name="Test.IncludeAndExcludeMechanismInMethods" time="0.009" errors="0" timestamp="2022-11-03T23:25:26 IST" skipped="0">
  <testcase classname="Test.IncludeAndExcludeMechanismInMethods" name="getExcludeMethod" time="0.003"/>
  <system-out/>
  <testcase classname="Test.IncludeAndExcludeMechanismInMethods" name="getIncludeMethod" time="0.006"/>
  <system-out/>
</testsuite> <!-- Test.IncludeAndExcludeMechanismInMethods -->
